\BOOKMARK [0][-]{chapter.1}{\376\377\000W\000s\000t\001\031\000p}{}% 1
\BOOKMARK [1][-]{section.1.1}{\376\377\000Z\000a\001\102\000o\001\174\000e\000n\000i\000a\000\040\000p\000r\000o\000j\000e\000k\000t\000o\000w\000e}{chapter.1}% 2
\BOOKMARK [1][-]{section.1.2}{\376\377\000K\000o\000m\000p\000o\000n\000e\000n\000t\000y}{chapter.1}% 3
\BOOKMARK [1][-]{section.1.3}{\376\377\000K\000o\000n\000t\000e\000n\000e\000r\000y\000z\000a\000c\000j\000a}{chapter.1}% 4
\BOOKMARK [1][-]{section.1.4}{\376\377\000S\000p\000o\000s\000\363\000b\000\040\000u\000r\000u\000c\000h\000a\000m\000i\000a\000n\000i\000a}{chapter.1}% 5
\BOOKMARK [1][-]{section.1.5}{\376\377\000D\000a\000n\000e}{chapter.1}% 6
\BOOKMARK [0][-]{chapter.2}{\376\377\000D\000i\000a\000g\000r\000a\000m\000y}{}% 7
\BOOKMARK [1][-]{section.2.1}{\376\377\000D\000i\000a\000g\000r\000a\000m\000\040\000p\000r\000z\000y\000p\000a\000d\000k\000\363\000w\000\040\000u\001\174\000y\000c\000i\000a}{chapter.2}% 8
\BOOKMARK [1][-]{section.2.2}{\376\377\000D\000i\000a\000g\000r\000a\000m\000\040\000s\000e\000k\000w\000e\000n\000c\000j\000i\000\040\000z\000d\000a\000r\000z\000e\001\104}{chapter.2}% 9
\BOOKMARK [0][-]{chapter.3}{\376\377\000A\000p\000l\000i\000k\000a\000c\000j\000a\000\040\000k\000l\000i\000e\000n\000c\000k\000a}{}% 10
\BOOKMARK [1][-]{section.3.1}{\376\377\000O\000p\000i\000s}{chapter.3}% 11
\BOOKMARK [1][-]{section.3.2}{\376\377\000T\000e\000c\000h\000n\000o\000l\000o\000g\000i\000e}{chapter.3}% 12
\BOOKMARK [1][-]{section.3.3}{\376\377\000W\000i\000d\000o\000k\000i\000\040\000a\000p\000l\000i\000k\000a\000c\000j\000i}{chapter.3}% 13
\BOOKMARK [2][-]{subsection.3.3.1}{\376\377\000S\000t\000r\000o\000n\000a}{section.3.3}% 14
\BOOKMARK [2][-]{subsection.3.3.2}{\376\377\000O\000k\000n\000o\000\040\000z\000\040\000c\000e\000n\001\005}{section.3.3}% 15
\BOOKMARK [2][-]{subsection.3.3.3}{\376\377\000O\000k\000n\000o\000\040\000z\000\040\000b\001\102\001\031\000d\000e\000m}{section.3.3}% 16
\BOOKMARK [0][-]{chapter.4}{\376\377\000K\000o\000m\000p\000o\000n\000e\000n\000t\000\040\000p\000o\001\133\000r\000e\000d\000n\000i\000c\000z\001\005\000c\000y}{}% 17
\BOOKMARK [1][-]{section.4.1}{\376\377\000O\000p\000i\000s}{chapter.4}% 18
\BOOKMARK [1][-]{section.4.2}{\376\377\000T\000e\000c\000h\000n\000o\000l\000o\000g\000i\000e}{chapter.4}% 19
\BOOKMARK [0][-]{chapter.5}{\376\377\000K\000o\000m\000p\000o\000n\000e\000n\000t\000\040\000k\000o\000m\000u\000n\000i\000k\000a\000c\000y\000j\000n\000y}{}% 20
\BOOKMARK [1][-]{section.5.1}{\376\377\000O\000p\000i\000s}{chapter.5}% 21
\BOOKMARK [1][-]{section.5.2}{\376\377\000T\000e\000c\000h\000n\000o\000l\000o\000g\000i\000e}{chapter.5}% 22
\BOOKMARK [0][-]{chapter.6}{\376\377\000P\000r\000z\000y\000g\000o\000t\000o\000w\000a\000n\000i\000e\000\040\000d\000a\000n\000y\000c\000h}{}% 23
\BOOKMARK [1][-]{section.6.1}{\376\377\000O\000p\000i\000s}{chapter.6}% 24
\BOOKMARK [1][-]{section.6.2}{\376\377\000W\000i\000z\000u\000a\000l\000i\000z\000a\000c\000j\000a\000\040\000d\000a\000n\000y\000c\000h}{chapter.6}% 25
\BOOKMARK [1][-]{section.6.3}{\376\377\000P\000u\000s\000t\000e\000\040\000p\000o\000l\000a}{chapter.6}% 26
\BOOKMARK [1][-]{section.6.4}{\376\377\000Z\000e\000s\000t\000a\000w\000\040\000d\000a\000n\000y\000c\000h\000\040\000z\000\040\000w\000a\000r\000t\000o\001\133\000c\000i\000a\000m\000i\000\040\000o\000d\000s\000t\000a\000j\001\005\000c\000y\000m\000i}{chapter.6}% 27
\BOOKMARK [1][-]{section.6.5}{\376\377\000W\000y\000k\000r\000y\000w\000a\000n\000i\000e\000\040\000i\000\040\000u\000s\000u\000w\000a\000n\000i\000e\000\040\000w\000a\000r\000t\000o\001\133\000c\000i\000\040\000o\000d\000s\000t\000a\000j\001\005\000c\000y\000c\000h\000\040\000z\000a\000\040\000p\000o\000m\000o\000c\001\005\000\040\000m\000e\000t\000o\000d\000y\000\040\000I\000Q\000R}{chapter.6}% 28
\BOOKMARK [1][-]{section.6.6}{\376\377\000Z\000e\000s\000t\000a\000w\000\040\000d\000a\000n\000y\000c\000h\000\040\000b\000e\000z\000\040\000w\000a\000r\000t\000o\001\133\000c\000i\000\040\000o\000d\000s\000t\000a\000j\001\005\000c\000y\000c\000h}{chapter.6}% 29
\BOOKMARK [1][-]{section.6.7}{\376\377\000W\000y\000o\000d\000r\001\031\000b\000n\000i\000e\000n\000i\000e\000\040\000z\000n\000a\000c\000z\001\005\000c\000y\000c\000h\000\040\000i\000n\000f\000o\000r\000m\000a\000c\000j\000i\000\040\000o\000\040\000s\000i\000l\000n\000i\000k\000u}{chapter.6}% 30
\BOOKMARK [1][-]{section.6.8}{\376\377\000F\000a\000k\000t\000o\000r\000y\000z\000a\000c\000j\000a\000\040\000d\000a\000n\000y\000c\000h}{chapter.6}% 31
\BOOKMARK [0][-]{chapter.7}{\376\377\000S\000e\000r\000w\000i\000s\000\040\000p\000r\000e\000d\000y\000k\000c\000y\000j\000n\000y}{}% 32
\BOOKMARK [1][-]{section.7.1}{\376\377\000O\000p\000i\000s}{chapter.7}% 33
\BOOKMARK [1][-]{section.7.2}{\376\377\000T\000e\000c\000h\000n\000o\000l\000o\000g\000i\000e}{chapter.7}% 34
\BOOKMARK [1][-]{section.7.3}{\376\377\000W\000y\000b\000\363\000r\000\040\000m\000o\000d\000e\000l\000u}{chapter.7}% 35
\BOOKMARK [1][-]{section.7.4}{\376\377\000T\000e\000s\000t\000o\000w\000a\000n\000i\000e\000\040\000m\000o\000d\000e\000l\000i}{chapter.7}% 36
\BOOKMARK [2][-]{subsection.7.4.1}{\376\377\000L\000a\000s\000\040\000L\000o\000s\000o\000w\000y}{section.7.4}% 37
\BOOKMARK [2][-]{subsection.7.4.2}{\376\377\000D\000r\000z\000e\000w\000o\000\040\000d\000e\000c\000y\000z\000y\000j\000n\000e}{section.7.4}% 38
\BOOKMARK [2][-]{subsection.7.4.3}{\376\377\000P\000o\000d\000s\000u\000m\000o\000w\000a\000n\000i\000e}{section.7.4}% 39
